<?xml version="1.0" encoding="UTF-8"?>
<!-- Generated by org.testng.reporters.JUnitXMLReporter -->
<testsuite ignored="0" hostname="Rajat" failures="0" tests="4" name="Default test" time="6.522" errors="0" timestamp="2024-11-19T13:10:34 IST">
  <testcase classname="RestAssuredProgram.RestAPI" name="getRequest" time="3.498"/>
  <testcase classname="RestAssuredProgram.RestAPI" name="postRequest" time="1.223"/>
  <testcase classname="RestAssuredProgram.RestAPI" name="putRequest" time="1.006"/>
  <testcase classname="RestAssuredProgram.RestAPI" name="deleteRequest" time="0.739"/>
</testsuite> <!-- Default test -->
