<?xml version="1.0" encoding="UTF-8"?>
<!-- Generated by org.testng.reporters.JUnitXMLReporter -->
<testsuite ignored="0" hostname="Rajat" failures="0" tests="5" name="Default test" time="8.988" errors="0" timestamp="2024-11-03T12:53:10 IST">
  <testcase classname="RestAssuredProgram.Typicode" name="testGetRequest" time="3.993"/>
  <testcase classname="RestAssuredProgram.Typicode" name="testPostRequest" time="1.479"/>
  <testcase classname="RestAssuredProgram.Typicode" name="testPutRequest" time="0.894"/>
  <testcase classname="RestAssuredProgram.Typicode" name="testPatchRequest" time="1.105"/>
  <testcase classname="RestAssuredProgram.Typicode" name="testDeleteRequest" time="0.722"/>
</testsuite> <!-- Default test -->
