<?xml version="1.0" encoding="UTF-8"?>
<testng-results ignored="0" total="5" passed="5" failed="0" skipped="0">
  <reporter-output>
  </reporter-output>
  <suite started-at="2024-11-03T12:53:01 IST" name="Default suite" finished-at="2024-11-03T12:53:10 IST" duration-ms="8988">
    <groups>
    </groups>
    <test started-at="2024-11-03T12:53:01 IST" name="Default test" finished-at="2024-11-03T12:53:10 IST" duration-ms="8988">
      <class name="RestAssuredProgram.Typicode">
        <test-method is-config="true" signature="setup()[pri:0, instance:RestAssuredProgram.Typicode@689604d9]" started-at="2024-11-03T12:53:01 IST" name="setup" finished-at="2024-11-03T12:53:02 IST" duration-ms="721" status="PASS">
          <reporter-output>
          </reporter-output>
        </test-method> <!-- setup -->
        <test-method signature="testGetRequest()[pri:1, instance:RestAssuredProgram.Typicode@689604d9]" started-at="2024-11-03T12:53:02 IST" name="testGetRequest" finished-at="2024-11-03T12:53:06 IST" duration-ms="3993" status="PASS">
          <reporter-output>
          </reporter-output>
        </test-method> <!-- testGetRequest -->
        <test-method signature="testPostRequest()[pri:2, instance:RestAssuredProgram.Typicode@689604d9]" started-at="2024-11-03T12:53:06 IST" name="testPostRequest" finished-at="2024-11-03T12:53:07 IST" duration-ms="1479" status="PASS">
          <reporter-output>
          </reporter-output>
        </test-method> <!-- testPostRequest -->
        <test-method signature="testPutRequest()[pri:3, instance:RestAssuredProgram.Typicode@689604d9]" started-at="2024-11-03T12:53:08 IST" name="testPutRequest" finished-at="2024-11-03T12:53:08 IST" duration-ms="894" status="PASS">
          <reporter-output>
          </reporter-output>
        </test-method> <!-- testPutRequest -->
        <test-method signature="testPatchRequest()[pri:4, instance:RestAssuredProgram.Typicode@689604d9]" started-at="2024-11-03T12:53:08 IST" name="testPatchRequest" finished-at="2024-11-03T12:53:10 IST" duration-ms="1105" status="PASS">
          <reporter-output>
          </reporter-output>
        </test-method> <!-- testPatchRequest -->
        <test-method signature="testDeleteRequest()[pri:5, instance:RestAssuredProgram.Typicode@689604d9]" started-at="2024-11-03T12:53:10 IST" name="testDeleteRequest" finished-at="2024-11-03T12:53:10 IST" duration-ms="722" status="PASS">
          <reporter-output>
          </reporter-output>
        </test-method> <!-- testDeleteRequest -->
      </class> <!-- RestAssuredProgram.Typicode -->
    </test> <!-- Default test -->
  </suite> <!-- Default suite -->
</testng-results>
